{
  "RSpec": {
    "coverage": {
      "/Users/rcoster/Rails/everystreet/app/models/user.rb": [
        1,
        1,
        null,
        null,
        1,
        null,
        null,
        null,
        1,
        null,
        null,
        1,
        62,
        null,
        null,
        1,
        1,
        150,
        null,
        null,
        null
      ],
      "/Users/rcoster/Rails/everystreet/app/helpers/admin/agents_helper.rb": [
        1,
        null
      ],
      "/Users/rcoster/Rails/everystreet/app/helpers/admin/assets_helper.rb": [
        1,
        null
      ],
      "/Users/rcoster/Rails/everystreet/app/helpers/admin/availabilities_helper.rb": [
        1,
        null
      ],
      "/Users/rcoster/Rails/everystreet/app/helpers/admin/branches_helper.rb": [
        1,
        null
      ],
      "/Users/rcoster/Rails/everystreet/app/helpers/admin/dashboard_helper.rb": [
        1,
        null
      ],
      "/Users/rcoster/Rails/everystreet/app/helpers/admin/departments_helper.rb": [
        1,
        null
      ],
      "/Users/rcoster/Rails/everystreet/app/helpers/admin/frequencies_helper.rb": [
        1,
        null
      ],
      "/Users/rcoster/Rails/everystreet/app/helpers/admin/listings_helper.rb": [
        1,
        null
      ],
      "/Users/rcoster/Rails/everystreet/app/helpers/admin/media_types_helper.rb": [
        1,
        null
      ],
      "/Users/rcoster/Rails/everystreet/app/helpers/admin/qualifiers_helper.rb": [
        1,
        null
      ],
      "/Users/rcoster/Rails/everystreet/app/helpers/admin/sale_types_helper.rb": [
        1,
        null
      ],
      "/Users/rcoster/Rails/everystreet/app/helpers/admin/styles_helper.rb": [
        1,
        null
      ],
      "/Users/rcoster/Rails/everystreet/app/helpers/admin/tenures_helper.rb": [
        1,
        null
      ],
      "/Users/rcoster/Rails/everystreet/app/helpers/admin/types_helper.rb": [
        1,
        null
      ],
      "/Users/rcoster/Rails/everystreet/app/helpers/api/v1/base_helper.rb": [
        1,
        null
      ],
      "/Users/rcoster/Rails/everystreet/app/helpers/application_helper.rb": [
        1,
        1,
        0,
        null,
        null,
        1,
        0,
        null,
        0,
        null,
        0,
        null,
        0,
        null,
        null,
        null,
        null
      ],
      "/Users/rcoster/Rails/everystreet/app/helpers/home_helper.rb": [
        1,
        null
      ],
      "/Users/rcoster/Rails/everystreet/app/controllers/admin/ages_controller.rb": [
        1,
        1,
        null,
        1,
        null,
        4,
        null,
        null,
        null,
        null,
        4,
        null,
        null,
        1,
        null,
        2,
        null,
        2,
        null,
        null,
        1,
        null,
        1,
        null,
        1,
        null,
        1,
        1,
        1,
        null,
        0,
        null,
        null,
        null,
        1,
        null,
        2,
        null,
        1,
        null,
        null,
        1,
        null,
        1,
        null,
        1,
        null,
        1,
        1,
        1,
        null,
        0,
        null,
        null,
        null,
        1,
        null,
        1,
        null,
        1,
        null,
        1,
        1,
        null,
        0,
        null,
        1,
        null,
        null,
        1,
        1,
        2,
        null,
        null,
        null
      ],
      "/Users/rcoster/Rails/everystreet/app/controllers/application_controller.rb": [
        1,
        1,
        null,
        null,
        1,
        null,
        null
      ],
      "/Users/rcoster/Rails/everystreet/app/controllers/admin/agents_controller.rb": [
        1,
        1,
        null,
        1,
        null,
        2,
        null,
        null,
        null,
        null,
        2,
        null,
        null,
        1,
        null,
        1,
        null,
        1,
        null,
        null,
        1,
        null,
        1,
        1,
        null,
        1,
        null,
        1,
        1,
        1,
        null,
        0,
        null,
        null,
        null,
        1,
        null,
        2,
        null,
        1,
        null,
        null,
        1,
        null,
        1,
        null,
        1,
        null,
        1,
        1,
        1,
        null,
        0,
        null,
        null,
        null,
        1,
        1,
        null,
        1,
        null,
        1,
        1,
        null,
        0,
        null,
        1,
        null,
        null,
        1,
        1,
        2,
        null,
        null,
        null
      ],
      "/Users/rcoster/Rails/everystreet/app/controllers/admin/availabilities_controller.rb": [
        1,
        1,
        null,
        1,
        null,
        4,
        null,
        null,
        null,
        null,
        4,
        null,
        null,
        1,
        null,
        1,
        null,
        1,
        1,
        1,
        1,
        null,
        0,
        null,
        null,
        null,
        1,
        null,
        2,
        null,
        2,
        null,
        null,
        1,
        null,
        2,
        null,
        1,
        null,
        null,
        1,
        null,
        1,
        null,
        1,
        null,
        1,
        1,
        1,
        null,
        0,
        null,
        null,
        null,
        1,
        null,
        1,
        null,
        1,
        null,
        1,
        1,
        null,
        0,
        null,
        1,
        null,
        null,
        1,
        1,
        2,
        null,
        null,
        null
      ],
      "/Users/rcoster/Rails/everystreet/app/controllers/admin/branches_controller.rb": [
        1,
        1,
        null,
        1,
        null,
        2,
        null,
        null,
        null,
        null,
        2,
        null,
        null,
        1,
        null,
        0,
        null,
        0,
        null,
        0,
        null,
        null,
        1,
        null,
        1,
        null,
        1,
        null,
        null,
        1,
        null,
        1,
        null,
        1,
        null,
        1,
        1,
        1,
        null,
        0,
        null,
        null,
        null,
        1,
        null,
        2,
        null,
        1,
        null,
        null,
        1,
        null,
        null,
        1,
        null,
        1,
        null,
        1,
        1,
        1,
        null,
        0,
        null,
        null,
        null,
        1,
        null,
        1,
        null,
        1,
        null,
        1,
        1,
        null,
        0,
        null,
        1,
        null,
        null,
        1,
        1,
        2,
        null,
        null,
        null,
        null,
        null,
        null,
        null
      ],
      "/Users/rcoster/Rails/everystreet/app/controllers/admin/departments_controller.rb": [
        1,
        1,
        null,
        1,
        null,
        4,
        null,
        null,
        null,
        null,
        4,
        null,
        null,
        1,
        null,
        2,
        null,
        2,
        null,
        null,
        1,
        null,
        1,
        null,
        1,
        null,
        1,
        1,
        1,
        null,
        0,
        null,
        null,
        null,
        1,
        null,
        2,
        null,
        1,
        null,
        null,
        1,
        null,
        1,
        null,
        1,
        null,
        1,
        1,
        1,
        null,
        0,
        null,
        null,
        null,
        1,
        null,
        1,
        null,
        1,
        null,
        1,
        1,
        null,
        0,
        null,
        1,
        null,
        null,
        1,
        1,
        2,
        null,
        null,
        null
      ],
      "/Users/rcoster/Rails/everystreet/app/controllers/admin/frequencies_controller.rb": [
        1,
        1,
        null,
        1,
        null,
        4,
        null,
        null,
        null,
        null,
        4,
        null,
        null,
        1,
        null,
        2,
        null,
        2,
        null,
        null,
        1,
        null,
        1,
        null,
        1,
        null,
        1,
        1,
        1,
        null,
        0,
        null,
        null,
        null,
        1,
        null,
        2,
        null,
        1,
        null,
        null,
        1,
        null,
        1,
        null,
        1,
        1,
        1,
        1,
        null,
        0,
        null,
        null,
        null,
        1,
        null,
        1,
        null,
        1,
        null,
        1,
        1,
        null,
        0,
        null,
        1,
        null,
        null,
        1,
        1,
        2,
        null,
        null
      ],
      "/Users/rcoster/Rails/everystreet/app/controllers/admin/media_types_controller.rb": [
        1,
        1,
        null,
        1,
        null,
        4,
        null,
        null,
        null,
        null,
        4,
        null,
        null,
        1,
        null,
        2,
        null,
        2,
        null,
        null,
        1,
        null,
        1,
        null,
        1,
        null,
        1,
        1,
        1,
        null,
        0,
        null,
        null,
        null,
        1,
        null,
        2,
        null,
        1,
        null,
        null,
        1,
        null,
        1,
        null,
        1,
        null,
        1,
        1,
        1,
        null,
        0,
        null,
        null,
        null,
        1,
        null,
        1,
        null,
        1,
        null,
        1,
        1,
        null,
        0,
        null,
        1,
        null,
        null,
        1,
        1,
        2,
        null,
        null
      ],
      "/Users/rcoster/Rails/everystreet/app/controllers/admin/qualifiers_controller.rb": [
        1,
        1,
        null,
        1,
        null,
        4,
        null,
        null,
        null,
        null,
        4,
        null,
        null,
        1,
        null,
        2,
        null,
        2,
        null,
        null,
        1,
        null,
        1,
        null,
        1,
        null,
        1,
        1,
        1,
        null,
        0,
        null,
        null,
        null,
        1,
        null,
        2,
        null,
        1,
        null,
        null,
        1,
        null,
        1,
        null,
        1,
        null,
        1,
        1,
        1,
        null,
        0,
        null,
        null,
        null,
        1,
        1,
        null,
        1,
        null,
        1,
        1,
        null,
        0,
        null,
        1,
        null,
        null,
        1,
        1,
        2,
        null,
        null
      ],
      "/Users/rcoster/Rails/everystreet/app/controllers/admin/sale_types_controller.rb": [
        1,
        1,
        null,
        1,
        null,
        4,
        null,
        null,
        null,
        null,
        4,
        null,
        null,
        1,
        null,
        2,
        null,
        2,
        null,
        null,
        1,
        null,
        1,
        null,
        1,
        null,
        1,
        1,
        1,
        null,
        0,
        null,
        null,
        null,
        1,
        null,
        2,
        null,
        1,
        null,
        null,
        1,
        null,
        1,
        null,
        1,
        null,
        1,
        1,
        1,
        null,
        0,
        null,
        null,
        null,
        1,
        1,
        null,
        1,
        null,
        1,
        1,
        null,
        0,
        null,
        1,
        null,
        null,
        1,
        1,
        2,
        null,
        null
      ],
      "/Users/rcoster/Rails/everystreet/app/controllers/admin/styles_controller.rb": [
        1,
        1,
        null,
        1,
        null,
        4,
        null,
        null,
        null,
        null,
        4,
        null,
        null,
        1,
        null,
        2,
        null,
        2,
        null,
        null,
        1,
        null,
        1,
        null,
        1,
        null,
        1,
        1,
        1,
        null,
        0,
        null,
        null,
        null,
        1,
        null,
        2,
        null,
        1,
        null,
        null,
        1,
        null,
        1,
        null,
        1,
        null,
        1,
        1,
        1,
        null,
        0,
        null,
        null,
        null,
        1,
        1,
        null,
        1,
        null,
        1,
        1,
        null,
        0,
        null,
        1,
        null,
        null,
        1,
        1,
        2,
        null,
        null
      ],
      "/Users/rcoster/Rails/everystreet/app/controllers/admin/tenures_controller.rb": [
        1,
        1,
        null,
        1,
        null,
        4,
        null,
        null,
        null,
        null,
        4,
        null,
        null,
        1,
        null,
        2,
        null,
        2,
        null,
        null,
        1,
        null,
        1,
        null,
        1,
        null,
        1,
        1,
        1,
        null,
        0,
        null,
        null,
        null,
        1,
        null,
        2,
        null,
        1,
        null,
        null,
        1,
        null,
        1,
        null,
        1,
        null,
        1,
        1,
        1,
        null,
        0,
        null,
        null,
        null,
        1,
        null,
        1,
        null,
        1,
        null,
        1,
        1,
        null,
        0,
        null,
        1,
        null,
        null,
        1,
        1,
        2,
        null,
        null
      ],
      "/Users/rcoster/Rails/everystreet/app/controllers/admin/types_controller.rb": [
        1,
        1,
        null,
        1,
        null,
        4,
        null,
        null,
        null,
        null,
        4,
        null,
        null,
        1,
        null,
        2,
        null,
        2,
        null,
        null,
        1,
        null,
        1,
        null,
        1,
        null,
        1,
        1,
        1,
        null,
        0,
        null,
        null,
        null,
        1,
        null,
        2,
        null,
        1,
        null,
        null,
        1,
        null,
        1,
        null,
        1,
        null,
        1,
        1,
        1,
        null,
        0,
        null,
        null,
        null,
        1,
        1,
        null,
        1,
        null,
        1,
        1,
        null,
        0,
        null,
        1,
        null,
        null,
        1,
        1,
        2,
        null,
        null
      ],
      "/Users/rcoster/Rails/everystreet/app/models/age.rb": [
        1,
        null,
        1,
        null,
        1,
        null
      ],
      "/Users/rcoster/Rails/everystreet/app/models/agent.rb": [
        1,
        null,
        1,
        1,
        1,
        null,
        1,
        1,
        1,
        null,
        1,
        4,
        null,
        null,
        null,
        null
      ],
      "/Users/rcoster/Rails/everystreet/app/models/availability.rb": [
        1,
        null,
        1,
        null,
        1,
        null
      ],
      "/Users/rcoster/Rails/everystreet/app/models/branch.rb": [
        1,
        null,
        1,
        1,
        null,
        1,
        1,
        1,
        1,
        1,
        1,
        1,
        1,
        1,
        1,
        null,
        null,
        1,
        1,
        null,
        null,
        1,
        null,
        1,
        null,
        null,
        1,
        5,
        null,
        null,
        null,
        null,
        1,
        0,
        null,
        null,
        1,
        null
      ],
      "/Users/rcoster/Rails/everystreet/app/models/department.rb": [
        1,
        null,
        1,
        null,
        1,
        null
      ],
      "/Users/rcoster/Rails/everystreet/app/models/feature.rb": [
        1,
        null,
        1,
        null,
        1,
        1,
        null
      ],
      "/Users/rcoster/Rails/everystreet/app/models/flag.rb": [
        1,
        null,
        1,
        null,
        1,
        1,
        null
      ],
      "/Users/rcoster/Rails/everystreet/app/models/frequency.rb": [
        1,
        null,
        1,
        null,
        1,
        null
      ],
      "/Users/rcoster/Rails/everystreet/app/models/listing.rb": [
        1,
        null,
        1,
        1,
        1,
        1,
        1,
        1,
        1,
        1,
        1,
        1,
        null,
        1,
        1,
        1,
        null,
        null,
        1,
        1,
        1,
        1,
        1,
        1,
        1,
        1,
        1,
        1,
        1,
        1,
        1,
        1,
        1,
        1,
        1,
        1,
        1,
        1,
        1,
        1,
        1,
        1,
        null,
        1,
        1,
        1,
        1,
        1,
        null,
        null,
        1,
        1,
        1,
        1,
        1,
        1,
        1,
        1,
        1,
        null,
        null,
        null,
        1,
        null,
        null,
        1,
        1,
        null,
        1,
        21,
        null,
        null,
        1,
        11,
        null,
        null,
        null,
        1,
        1,
        1,
        null,
        null,
        1,
        0,
        null,
        null,
        null,
        null,
        null
      ],
      "/Users/rcoster/Rails/everystreet/app/models/media_type.rb": [
        1,
        null,
        1,
        null,
        1,
        null
      ],
      "/Users/rcoster/Rails/everystreet/app/models/qualifier.rb": [
        1,
        null,
        1,
        null,
        1,
        null
      ],
      "/Users/rcoster/Rails/everystreet/app/models/sale_type.rb": [
        1,
        null,
        1,
        null,
        1,
        null
      ],
      "/Users/rcoster/Rails/everystreet/app/models/style.rb": [
        1,
        null,
        1,
        null,
        1,
        null
      ],
      "/Users/rcoster/Rails/everystreet/app/models/tenure.rb": [
        1,
        null,
        1,
        null,
        1,
        null
      ],
      "/Users/rcoster/Rails/everystreet/app/models/type.rb": [
        1,
        null,
        1,
        null,
        1,
        null
      ],
      "/Users/rcoster/Rails/everystreet/app/policies/age_policy.rb": [
        1,
        null,
        1,
        4,
        null,
        null,
        null,
        1,
        3,
        null,
        null,
        null,
        1,
        2,
        null,
        null,
        1,
        1,
        null,
        null
      ],
      "/Users/rcoster/Rails/everystreet/app/policies/application_policy.rb": [
        1,
        1,
        null,
        1,
        114,
        114,
        null,
        null,
        1,
        0,
        null,
        null,
        1,
        0,
        null,
        null,
        1,
        0,
        null,
        null,
        1,
        21,
        null,
        null,
        1,
        0,
        null,
        null,
        1,
        11,
        null,
        null,
        1,
        0,
        null,
        null,
        1,
        0,
        null,
        null,
        1,
        1,
        null,
        1,
        0,
        0,
        null,
        null,
        1,
        0,
        null,
        null,
        null
      ],
      "/Users/rcoster/Rails/everystreet/app/policies/agent_policy.rb": [
        1,
        null,
        1,
        2,
        null,
        null,
        null,
        1,
        2,
        null,
        null,
        null,
        null,
        1,
        3,
        null,
        null,
        null,
        null,
        1,
        1,
        null,
        null
      ],
      "/Users/rcoster/Rails/everystreet/app/policies/availability_policy.rb": [
        1,
        null,
        1,
        4,
        null,
        null,
        null,
        1,
        3,
        null,
        null,
        null,
        1,
        2,
        null,
        null,
        1,
        1,
        null,
        null
      ],
      "/Users/rcoster/Rails/everystreet/app/policies/branch_policy.rb": [
        1,
        null,
        1,
        2,
        null,
        null,
        1,
        0,
        null,
        null,
        null,
        1,
        1,
        null,
        null,
        null,
        1,
        1,
        null,
        null,
        null,
        1,
        1,
        null,
        null,
        null,
        null,
        1,
        1,
        1,
        1,
        null,
        null,
        null,
        1,
        1,
        null,
        null
      ],
      "/Users/rcoster/Rails/everystreet/app/policies/department_policy.rb": [
        1,
        null,
        1,
        4,
        null,
        null,
        null,
        1,
        3,
        null,
        null,
        null,
        1,
        2,
        null,
        null,
        1,
        1,
        null,
        null
      ],
      "/Users/rcoster/Rails/everystreet/app/policies/frequency_policy.rb": [
        1,
        null,
        1,
        4,
        null,
        null,
        null,
        1,
        3,
        null,
        null,
        null,
        1,
        2,
        null,
        null,
        1,
        1,
        null,
        null
      ],
      "/Users/rcoster/Rails/everystreet/app/policies/media_type_policy.rb": [
        1,
        null,
        1,
        4,
        null,
        null,
        null,
        1,
        3,
        null,
        null,
        null,
        1,
        2,
        null,
        null,
        1,
        1,
        null,
        null
      ],
      "/Users/rcoster/Rails/everystreet/app/policies/qualifier_policy.rb": [
        1,
        null,
        1,
        4,
        null,
        null,
        null,
        1,
        3,
        null,
        null,
        null,
        1,
        2,
        null,
        null,
        1,
        1,
        null,
        null
      ],
      "/Users/rcoster/Rails/everystreet/app/policies/sale_type_policy.rb": [
        1,
        null,
        1,
        4,
        null,
        null,
        null,
        1,
        3,
        null,
        null,
        null,
        1,
        2,
        null,
        null,
        1,
        1,
        null,
        null
      ],
      "/Users/rcoster/Rails/everystreet/app/policies/style_policy.rb": [
        1,
        null,
        1,
        4,
        null,
        null,
        null,
        1,
        3,
        null,
        null,
        null,
        1,
        2,
        null,
        null,
        1,
        1,
        null,
        null
      ],
      "/Users/rcoster/Rails/everystreet/app/policies/tenure_policy.rb": [
        1,
        null,
        1,
        4,
        null,
        null,
        null,
        1,
        3,
        null,
        null,
        null,
        1,
        2,
        null,
        null,
        1,
        1,
        null,
        null
      ],
      "/Users/rcoster/Rails/everystreet/app/policies/type_policy.rb": [
        1,
        null,
        1,
        4,
        null,
        null,
        null,
        1,
        3,
        null,
        null,
        null,
        1,
        2,
        null,
        null,
        1,
        1,
        null,
        null
      ],
      "/Users/rcoster/Rails/everystreet/app/controllers/home_controller.rb": [
        1,
        1,
        null,
        null
      ],
      "/Users/rcoster/Rails/everystreet/app/controllers/admin/dashboard_controller.rb": [
        1,
        1,
        1,
        null,
        null
      ],
      "/Users/rcoster/Rails/everystreet/app/controllers/admin/assets_controller.rb": [
        0,
        0,
        0,
        0,
        0,
        0,
        0,
        0,
        0,
        0,
        0,
        0,
        0,
        0,
        0,
        0,
        0,
        0,
        0,
        0,
        0,
        0,
        0,
        0,
        0,
        0,
        0,
        0,
        0,
        0,
        0,
        0,
        0,
        0,
        0,
        0,
        0,
        0,
        0,
        0,
        0,
        0,
        0,
        0,
        0,
        0,
        0,
        0,
        0,
        0,
        0,
        0,
        0,
        0,
        0,
        0,
        0,
        0,
        0,
        0,
        0,
        0,
        0,
        0,
        0,
        0,
        0,
        0,
        0,
        0,
        0,
        0,
        0,
        0,
        0,
        0,
        0,
        0,
        0,
        0,
        0
      ],
      "/Users/rcoster/Rails/everystreet/app/controllers/admin/listings_controller.rb": [
        0,
        0,
        0,
        0,
        0,
        0,
        0,
        0,
        0,
        0,
        0,
        0,
        0,
        0,
        0,
        0,
        0,
        0,
        0,
        0,
        0,
        0,
        0,
        0,
        0,
        0,
        0,
        0,
        0,
        0,
        0,
        0,
        0,
        0,
        0,
        0,
        0,
        0,
        0,
        0,
        0,
        0,
        0,
        0,
        0,
        0,
        0,
        0,
        0,
        0,
        0,
        0,
        0,
        0,
        0,
        0,
        0,
        0,
        0,
        0,
        0,
        0,
        0,
        0,
        0,
        0,
        0,
        0,
        0,
        0
      ],
      "/Users/rcoster/Rails/everystreet/app/models/asset.rb": [
        0,
        0,
        0,
        0,
        0,
        0,
        0,
        0,
        0,
        0,
        0,
        0,
        0
      ],
      "/Users/rcoster/Rails/everystreet/app/models/ckeditor/asset.rb": [
        0,
        0,
        0,
        0
      ],
      "/Users/rcoster/Rails/everystreet/app/models/ckeditor/attachment_file.rb": [
        0,
        0,
        0,
        0,
        0,
        0,
        0,
        0,
        0,
        0,
        0,
        0,
        0
      ],
      "/Users/rcoster/Rails/everystreet/app/models/ckeditor/picture.rb": [
        0,
        0,
        0,
        0,
        0,
        0,
        0,
        0,
        0,
        0,
        0,
        0,
        0,
        0
      ],
      "/Users/rcoster/Rails/everystreet/app/policies/asset_policy.rb": [
        0,
        0,
        0,
        0,
        0,
        0,
        0,
        0,
        0,
        0,
        0,
        0,
        0,
        0,
        0,
        0,
        0,
        0,
        0,
        0,
        0,
        0,
        0,
        0,
        0,
        0,
        0,
        0,
        0,
        0,
        0
      ],
      "/Users/rcoster/Rails/everystreet/app/policies/listing_policy.rb": [
        0,
        0,
        0,
        0,
        0,
        0,
        0,
        0,
        0,
        0,
        0,
        0,
        0,
        0,
        0,
        0,
        0,
        0,
        0,
        0,
        0,
        0,
        0,
        0,
        0,
        0,
        0,
        0,
        0,
        0,
        0
      ]
    },
    "timestamp": 1458323283
  }
}
