{
  "RSpec": {
    "coverage": {
      "/Users/rcoster/Rails/everystreet/app/models/user.rb": [
        1,
        1,
        null,
        null,
        1,
        null,
        null,
        null,
        1,
        null,
        null,
        1,
        2,
        null,
        null,
        1,
        1,
        24,
        null,
        null,
        null
      ],
      "/Users/rcoster/Rails/everystreet/app/helpers/admin/agents_helper.rb": [
        1,
        null
      ],
      "/Users/rcoster/Rails/everystreet/app/helpers/admin/assets_helper.rb": [
        1,
        null
      ],
      "/Users/rcoster/Rails/everystreet/app/helpers/admin/availabilities_helper.rb": [
        1,
        null
      ],
      "/Users/rcoster/Rails/everystreet/app/helpers/admin/branches_helper.rb": [
        1,
        null
      ],
      "/Users/rcoster/Rails/everystreet/app/helpers/admin/dashboard_helper.rb": [
        1,
        null
      ],
      "/Users/rcoster/Rails/everystreet/app/helpers/admin/departments_helper.rb": [
        1,
        null
      ],
      "/Users/rcoster/Rails/everystreet/app/helpers/admin/frequencies_helper.rb": [
        1,
        null
      ],
      "/Users/rcoster/Rails/everystreet/app/helpers/admin/listings_helper.rb": [
        1,
        null
      ],
      "/Users/rcoster/Rails/everystreet/app/helpers/admin/media_types_helper.rb": [
        1,
        null
      ],
      "/Users/rcoster/Rails/everystreet/app/helpers/admin/qualifiers_helper.rb": [
        1,
        null
      ],
      "/Users/rcoster/Rails/everystreet/app/helpers/admin/sale_types_helper.rb": [
        1,
        null
      ],
      "/Users/rcoster/Rails/everystreet/app/helpers/admin/styles_helper.rb": [
        1,
        null
      ],
      "/Users/rcoster/Rails/everystreet/app/helpers/admin/tenures_helper.rb": [
        1,
        null
      ],
      "/Users/rcoster/Rails/everystreet/app/helpers/admin/types_helper.rb": [
        1,
        null
      ],
      "/Users/rcoster/Rails/everystreet/app/helpers/api/v1/base_helper.rb": [
        1,
        null
      ],
      "/Users/rcoster/Rails/everystreet/app/helpers/application_helper.rb": [
        1,
        1,
        0,
        null,
        null,
        1,
        0,
        null,
        0,
        null,
        0,
        null,
        0,
        null,
        null,
        null,
        null
      ],
      "/Users/rcoster/Rails/everystreet/app/helpers/home_helper.rb": [
        1,
        null
      ],
      "/Users/rcoster/Rails/everystreet/app/models/age.rb": [
        1,
        null,
        1,
        null,
        1,
        null
      ],
      "/Users/rcoster/Rails/everystreet/app/models/agent.rb": [
        1,
        null,
        1,
        1,
        1,
        null,
        1,
        1,
        1,
        null,
        1,
        2,
        null,
        null,
        null,
        null
      ],
      "/Users/rcoster/Rails/everystreet/app/models/availability.rb": [
        1,
        null,
        1,
        null,
        1,
        null
      ],
      "/Users/rcoster/Rails/everystreet/app/models/branch.rb": [
        1,
        null,
        1,
        1,
        null,
        1,
        1,
        1,
        1,
        1,
        1,
        1,
        1,
        1,
        1,
        1,
        1,
        1,
        1,
        null,
        null,
        1,
        null,
        null,
        1,
        0,
        null,
        null,
        null,
        null,
        1,
        0,
        null,
        null,
        1,
        null
      ],
      "/Users/rcoster/Rails/everystreet/app/models/department.rb": [
        1,
        null,
        1,
        null,
        1,
        null
      ],
      "/Users/rcoster/Rails/everystreet/app/models/feature.rb": [
        1,
        null,
        1,
        null,
        1,
        1,
        null
      ],
      "/Users/rcoster/Rails/everystreet/app/models/flag.rb": [
        1,
        null,
        1,
        null,
        1,
        1,
        null
      ],
      "/Users/rcoster/Rails/everystreet/app/models/frequency.rb": [
        1,
        null,
        1,
        null,
        1,
        null
      ],
      "/Users/rcoster/Rails/everystreet/app/models/listing.rb": [
        1,
        null,
        1,
        1,
        1,
        1,
        1,
        1,
        1,
        1,
        1,
        1,
        null,
        1,
        1,
        1,
        null,
        null,
        1,
        1,
        1,
        1,
        1,
        1,
        1,
        1,
        1,
        1,
        1,
        1,
        1,
        1,
        1,
        1,
        1,
        1,
        1,
        1,
        1,
        1,
        1,
        1,
        1,
        1,
        null,
        1,
        1,
        1,
        1,
        1,
        null,
        null,
        1,
        1,
        1,
        1,
        1,
        1,
        1,
        1,
        1,
        null,
        null,
        null,
        1,
        null,
        null,
        1,
        null,
        1,
        21,
        null,
        null,
        1,
        11,
        null,
        null,
        null,
        1,
        1,
        1,
        null,
        null,
        1,
        0,
        null,
        null,
        null,
        null,
        null
      ],
      "/Users/rcoster/Rails/everystreet/app/models/media_type.rb": [
        1,
        null,
        1,
        null,
        1,
        null
      ],
      "/Users/rcoster/Rails/everystreet/app/models/qualifier.rb": [
        1,
        null,
        1,
        null,
        1,
        null
      ],
      "/Users/rcoster/Rails/everystreet/app/models/sale_type.rb": [
        1,
        null,
        1,
        null,
        1,
        null
      ],
      "/Users/rcoster/Rails/everystreet/app/models/style.rb": [
        1,
        null,
        1,
        null,
        1,
        null
      ],
      "/Users/rcoster/Rails/everystreet/app/models/tenure.rb": [
        1,
        null,
        1,
        null,
        1,
        null
      ],
      "/Users/rcoster/Rails/everystreet/app/models/type.rb": [
        1,
        null,
        1,
        null,
        1,
        null
      ],
      "/Users/rcoster/Rails/everystreet/app/controllers/home_controller.rb": [
        1,
        1,
        null,
        null
      ],
      "/Users/rcoster/Rails/everystreet/app/controllers/application_controller.rb": [
        1,
        1,
        null,
        null,
        1,
        null,
        null
      ],
      "/Users/rcoster/Rails/everystreet/app/controllers/admin/dashboard_controller.rb": [
        1,
        1,
        1,
        null,
        null
      ],
      "/Users/rcoster/Rails/everystreet/app/controllers/admin/agents_controller.rb": [
        0,
        0,
        0,
        0,
        0,
        0,
        0,
        0,
        0,
        0,
        0,
        0,
        0,
        0,
        0,
        0,
        0,
        0,
        0,
        0,
        0,
        0,
        0,
        0,
        0,
        0,
        0,
        0,
        0,
        0,
        0,
        0,
        0,
        0,
        0,
        0,
        0,
        0,
        0,
        0,
        0,
        0,
        0,
        0,
        0,
        0,
        0,
        0,
        0,
        0,
        0,
        0,
        0,
        0,
        0,
        0,
        0,
        0,
        0,
        0,
        0,
        0,
        0,
        0,
        0,
        0,
        0,
        0,
        0,
        0,
        0,
        0,
        0,
        0,
        0
      ],
      "/Users/rcoster/Rails/everystreet/app/controllers/admin/ages_controller.rb": [
        0,
        0,
        0,
        0,
        0,
        0,
        0,
        0,
        0,
        0,
        0,
        0,
        0,
        0,
        0,
        0,
        0,
        0,
        0,
        0,
        0,
        0,
        0,
        0,
        0,
        0,
        0,
        0,
        0,
        0,
        0,
        0,
        0,
        0,
        0,
        0,
        0,
        0,
        0,
        0,
        0,
        0,
        0,
        0,
        0,
        0,
        0,
        0,
        0,
        0,
        0,
        0,
        0,
        0,
        0,
        0,
        0,
        0,
        0,
        0,
        0,
        0,
        0,
        0,
        0,
        0,
        0,
        0,
        0,
        0,
        0,
        0,
        0,
        0,
        0
      ],
      "/Users/rcoster/Rails/everystreet/app/controllers/admin/assets_controller.rb": [
        0,
        0,
        0,
        0,
        0,
        0,
        0,
        0,
        0,
        0,
        0,
        0,
        0,
        0,
        0,
        0,
        0,
        0,
        0,
        0,
        0,
        0,
        0,
        0,
        0,
        0,
        0,
        0,
        0,
        0,
        0,
        0,
        0,
        0,
        0,
        0,
        0,
        0,
        0,
        0,
        0,
        0,
        0,
        0,
        0,
        0,
        0,
        0,
        0,
        0,
        0,
        0,
        0,
        0,
        0,
        0,
        0,
        0,
        0,
        0,
        0,
        0,
        0,
        0,
        0,
        0,
        0,
        0,
        0,
        0,
        0,
        0,
        0,
        0,
        0,
        0,
        0,
        0,
        0,
        0,
        0
      ],
      "/Users/rcoster/Rails/everystreet/app/controllers/admin/availabilities_controller.rb": [
        0,
        0,
        0,
        0,
        0,
        0,
        0,
        0,
        0,
        0,
        0,
        0,
        0,
        0,
        0,
        0,
        0,
        0,
        0,
        0,
        0,
        0,
        0,
        0,
        0,
        0,
        0,
        0,
        0,
        0,
        0,
        0,
        0,
        0,
        0,
        0,
        0,
        0,
        0,
        0,
        0,
        0,
        0,
        0,
        0,
        0,
        0,
        0,
        0,
        0,
        0,
        0,
        0,
        0,
        0,
        0,
        0,
        0,
        0,
        0,
        0,
        0,
        0,
        0,
        0,
        0,
        0,
        0,
        0,
        0,
        0,
        0,
        0,
        0
      ],
      "/Users/rcoster/Rails/everystreet/app/controllers/admin/branches_controller.rb": [
        0,
        0,
        0,
        0,
        0,
        0,
        0,
        0,
        0,
        0,
        0,
        0,
        0,
        0,
        0,
        0,
        0,
        0,
        0,
        0,
        0,
        0,
        0,
        0,
        0,
        0,
        0,
        0,
        0,
        0,
        0,
        0,
        0,
        0,
        0,
        0,
        0,
        0,
        0,
        0,
        0,
        0,
        0,
        0,
        0,
        0,
        0,
        0,
        0,
        0,
        0,
        0,
        0,
        0,
        0,
        0,
        0,
        0,
        0,
        0,
        0,
        0,
        0,
        0,
        0,
        0,
        0,
        0,
        0,
        0,
        0,
        0,
        0,
        0,
        0,
        0,
        0,
        0,
        0,
        0,
        0,
        0,
        0,
        0,
        0,
        0,
        0,
        0,
        0
      ],
      "/Users/rcoster/Rails/everystreet/app/controllers/admin/departments_controller.rb": [
        0,
        0,
        0,
        0,
        0,
        0,
        0,
        0,
        0,
        0,
        0,
        0,
        0,
        0,
        0,
        0,
        0,
        0,
        0,
        0,
        0,
        0,
        0,
        0,
        0,
        0,
        0,
        0,
        0,
        0,
        0,
        0,
        0,
        0,
        0,
        0,
        0,
        0,
        0,
        0,
        0,
        0,
        0,
        0,
        0,
        0,
        0,
        0,
        0,
        0,
        0,
        0,
        0,
        0,
        0,
        0,
        0,
        0,
        0,
        0,
        0,
        0,
        0,
        0,
        0,
        0,
        0,
        0,
        0,
        0,
        0,
        0,
        0,
        0,
        0
      ],
      "/Users/rcoster/Rails/everystreet/app/controllers/admin/frequencies_controller.rb": [
        0,
        0,
        0,
        0,
        0,
        0,
        0,
        0,
        0,
        0,
        0,
        0,
        0,
        0,
        0,
        0,
        0,
        0,
        0,
        0,
        0,
        0,
        0,
        0,
        0,
        0,
        0,
        0,
        0,
        0,
        0,
        0,
        0,
        0,
        0,
        0,
        0,
        0,
        0,
        0,
        0,
        0,
        0,
        0,
        0,
        0,
        0,
        0,
        0,
        0,
        0,
        0,
        0,
        0,
        0,
        0,
        0,
        0,
        0,
        0,
        0,
        0,
        0,
        0,
        0,
        0,
        0,
        0,
        0,
        0,
        0,
        0,
        0
      ],
      "/Users/rcoster/Rails/everystreet/app/controllers/admin/geo_controller.rb": [
        0,
        0,
        0,
        0,
        0,
        0,
        0,
        0,
        0,
        0,
        0,
        0,
        0,
        0
      ],
      "/Users/rcoster/Rails/everystreet/app/controllers/admin/listings_controller.rb": [
        0,
        0,
        0,
        0,
        0,
        0,
        0,
        0,
        0,
        0,
        0,
        0,
        0,
        0,
        0,
        0,
        0,
        0,
        0,
        0,
        0,
        0,
        0,
        0,
        0,
        0,
        0,
        0,
        0,
        0,
        0,
        0,
        0,
        0,
        0,
        0,
        0,
        0,
        0,
        0,
        0,
        0,
        0,
        0,
        0,
        0,
        0,
        0,
        0,
        0,
        0,
        0,
        0,
        0,
        0,
        0,
        0,
        0,
        0,
        0,
        0,
        0,
        0,
        0,
        0,
        0,
        0,
        0,
        0,
        0
      ],
      "/Users/rcoster/Rails/everystreet/app/controllers/admin/media_types_controller.rb": [
        0,
        0,
        0,
        0,
        0,
        0,
        0,
        0,
        0,
        0,
        0,
        0,
        0,
        0,
        0,
        0,
        0,
        0,
        0,
        0,
        0,
        0,
        0,
        0,
        0,
        0,
        0,
        0,
        0,
        0,
        0,
        0,
        0,
        0,
        0,
        0,
        0,
        0,
        0,
        0,
        0,
        0,
        0,
        0,
        0,
        0,
        0,
        0,
        0,
        0,
        0,
        0,
        0,
        0,
        0,
        0,
        0,
        0,
        0,
        0,
        0,
        0,
        0,
        0,
        0,
        0,
        0,
        0,
        0,
        0,
        0,
        0,
        0,
        0
      ],
      "/Users/rcoster/Rails/everystreet/app/controllers/admin/qualifiers_controller.rb": [
        0,
        0,
        0,
        0,
        0,
        0,
        0,
        0,
        0,
        0,
        0,
        0,
        0,
        0,
        0,
        0,
        0,
        0,
        0,
        0,
        0,
        0,
        0,
        0,
        0,
        0,
        0,
        0,
        0,
        0,
        0,
        0,
        0,
        0,
        0,
        0,
        0,
        0,
        0,
        0,
        0,
        0,
        0,
        0,
        0,
        0,
        0,
        0,
        0,
        0,
        0,
        0,
        0,
        0,
        0,
        0,
        0,
        0,
        0,
        0,
        0,
        0,
        0,
        0,
        0,
        0,
        0,
        0,
        0,
        0,
        0,
        0,
        0
      ],
      "/Users/rcoster/Rails/everystreet/app/controllers/admin/sale_types_controller.rb": [
        0,
        0,
        0,
        0,
        0,
        0,
        0,
        0,
        0,
        0,
        0,
        0,
        0,
        0,
        0,
        0,
        0,
        0,
        0,
        0,
        0,
        0,
        0,
        0,
        0,
        0,
        0,
        0,
        0,
        0,
        0,
        0,
        0,
        0,
        0,
        0,
        0,
        0,
        0,
        0,
        0,
        0,
        0,
        0,
        0,
        0,
        0,
        0,
        0,
        0,
        0,
        0,
        0,
        0,
        0,
        0,
        0,
        0,
        0,
        0,
        0,
        0,
        0,
        0,
        0,
        0,
        0,
        0,
        0,
        0,
        0,
        0,
        0
      ],
      "/Users/rcoster/Rails/everystreet/app/controllers/admin/styles_controller.rb": [
        0,
        0,
        0,
        0,
        0,
        0,
        0,
        0,
        0,
        0,
        0,
        0,
        0,
        0,
        0,
        0,
        0,
        0,
        0,
        0,
        0,
        0,
        0,
        0,
        0,
        0,
        0,
        0,
        0,
        0,
        0,
        0,
        0,
        0,
        0,
        0,
        0,
        0,
        0,
        0,
        0,
        0,
        0,
        0,
        0,
        0,
        0,
        0,
        0,
        0,
        0,
        0,
        0,
        0,
        0,
        0,
        0,
        0,
        0,
        0,
        0,
        0,
        0,
        0,
        0,
        0,
        0,
        0,
        0,
        0,
        0,
        0,
        0
      ],
      "/Users/rcoster/Rails/everystreet/app/controllers/admin/tenures_controller.rb": [
        0,
        0,
        0,
        0,
        0,
        0,
        0,
        0,
        0,
        0,
        0,
        0,
        0,
        0,
        0,
        0,
        0,
        0,
        0,
        0,
        0,
        0,
        0,
        0,
        0,
        0,
        0,
        0,
        0,
        0,
        0,
        0,
        0,
        0,
        0,
        0,
        0,
        0,
        0,
        0,
        0,
        0,
        0,
        0,
        0,
        0,
        0,
        0,
        0,
        0,
        0,
        0,
        0,
        0,
        0,
        0,
        0,
        0,
        0,
        0,
        0,
        0,
        0,
        0,
        0,
        0,
        0,
        0,
        0,
        0,
        0,
        0,
        0,
        0
      ],
      "/Users/rcoster/Rails/everystreet/app/controllers/admin/types_controller.rb": [
        0,
        0,
        0,
        0,
        0,
        0,
        0,
        0,
        0,
        0,
        0,
        0,
        0,
        0,
        0,
        0,
        0,
        0,
        0,
        0,
        0,
        0,
        0,
        0,
        0,
        0,
        0,
        0,
        0,
        0,
        0,
        0,
        0,
        0,
        0,
        0,
        0,
        0,
        0,
        0,
        0,
        0,
        0,
        0,
        0,
        0,
        0,
        0,
        0,
        0,
        0,
        0,
        0,
        0,
        0,
        0,
        0,
        0,
        0,
        0,
        0,
        0,
        0,
        0,
        0,
        0,
        0,
        0,
        0,
        0,
        0,
        0,
        0
      ],
      "/Users/rcoster/Rails/everystreet/app/controllers/admin/users_controller.rb": [
        0,
        0,
        0,
        0,
        0,
        0,
        0,
        0,
        0,
        0,
        0,
        0,
        0,
        0,
        0,
        0,
        0,
        0,
        0,
        0,
        0
      ],
      "/Users/rcoster/Rails/everystreet/app/controllers/api/v1/agents_controller.rb": [
        0,
        0,
        0,
        0,
        0,
        0,
        0,
        0
      ],
      "/Users/rcoster/Rails/everystreet/app/controllers/api/v1/ages_controller.rb": [
        0,
        0,
        0,
        0,
        0,
        0,
        0
      ],
      "/Users/rcoster/Rails/everystreet/app/controllers/api/v1/availabilities_controller.rb": [
        0,
        0,
        0,
        0,
        0,
        0,
        0
      ],
      "/Users/rcoster/Rails/everystreet/app/controllers/api/v1/base_controller.rb": [
        0,
        0,
        0,
        0,
        0,
        0,
        0,
        0,
        0,
        0,
        0,
        0,
        0,
        0,
        0,
        0,
        0,
        0,
        0,
        0,
        0,
        0,
        0,
        0,
        0,
        0,
        0,
        0,
        0,
        0,
        0,
        0,
        0,
        0,
        0,
        0,
        0,
        0,
        0
      ],
      "/Users/rcoster/Rails/everystreet/app/controllers/api/v1/branches_controller.rb": [
        0,
        0,
        0,
        0,
        0,
        0,
        0,
        0
      ],
      "/Users/rcoster/Rails/everystreet/app/controllers/api/v1/categorizations_controller.rb": [
        0,
        0,
        0,
        0,
        0,
        0,
        0,
        0,
        0,
        0,
        0,
        0,
        0,
        0,
        0,
        0,
        0,
        0,
        0
      ],
      "/Users/rcoster/Rails/everystreet/app/controllers/api/v1/departments_controller.rb": [
        0,
        0,
        0,
        0,
        0,
        0,
        0
      ],
      "/Users/rcoster/Rails/everystreet/app/controllers/api/v1/frequencies_controller.rb": [
        0,
        0,
        0,
        0,
        0,
        0,
        0
      ],
      "/Users/rcoster/Rails/everystreet/app/controllers/api/v1/listings_controller.rb": [
        0,
        0,
        0,
        0,
        0,
        0,
        0,
        0,
        0,
        0,
        0,
        0,
        0,
        0,
        0,
        0,
        0,
        0,
        0,
        0,
        0,
        0,
        0,
        0,
        0,
        0,
        0,
        0,
        0,
        0,
        0,
        0,
        0,
        0,
        0,
        0,
        0,
        0,
        0,
        0,
        0,
        0,
        0,
        0,
        0,
        0,
        0,
        0,
        0,
        0,
        0,
        0,
        0,
        0,
        0,
        0,
        0,
        0,
        0,
        0
      ],
      "/Users/rcoster/Rails/everystreet/app/controllers/api/v1/media_types_controller.rb": [
        0,
        0,
        0,
        0,
        0,
        0,
        0
      ],
      "/Users/rcoster/Rails/everystreet/app/controllers/api/v1/qualifiers_controller.rb": [
        0,
        0,
        0,
        0,
        0,
        0,
        0
      ],
      "/Users/rcoster/Rails/everystreet/app/controllers/api/v1/sale_types_controller.rb": [
        0,
        0,
        0,
        0,
        0,
        0,
        0
      ],
      "/Users/rcoster/Rails/everystreet/app/controllers/api/v1/styles_controller.rb": [
        0,
        0,
        0,
        0,
        0,
        0,
        0
      ],
      "/Users/rcoster/Rails/everystreet/app/controllers/api/v1/tenures_controller.rb": [
        0,
        0,
        0,
        0,
        0,
        0,
        0
      ],
      "/Users/rcoster/Rails/everystreet/app/controllers/api/v1/types_controller.rb": [
        0,
        0,
        0,
        0,
        0,
        0,
        0
      ],
      "/Users/rcoster/Rails/everystreet/app/controllers/api/v1/users_controller.rb": [
        0,
        0,
        0,
        0,
        0,
        0,
        0,
        0
      ],
      "/Users/rcoster/Rails/everystreet/app/controllers/api/v1/validations/search.rb": [
        0,
        0,
        0,
        0,
        0,
        0,
        0,
        0,
        0,
        0,
        0,
        0,
        0,
        0,
        0,
        0,
        0,
        0,
        0,
        0,
        0,
        0,
        0,
        0,
        0,
        0,
        0,
        0,
        0,
        0,
        0,
        0,
        0,
        0,
        0,
        0,
        0,
        0,
        0
      ],
      "/Users/rcoster/Rails/everystreet/app/models/asset.rb": [
        0,
        0,
        0,
        0,
        0,
        0,
        0,
        0,
        0,
        0,
        0,
        0,
        0
      ],
      "/Users/rcoster/Rails/everystreet/app/models/ckeditor/asset.rb": [
        0,
        0,
        0,
        0
      ],
      "/Users/rcoster/Rails/everystreet/app/models/ckeditor/attachment_file.rb": [
        0,
        0,
        0,
        0,
        0,
        0,
        0,
        0,
        0,
        0,
        0,
        0,
        0
      ],
      "/Users/rcoster/Rails/everystreet/app/models/ckeditor/picture.rb": [
        0,
        0,
        0,
        0,
        0,
        0,
        0,
        0,
        0,
        0,
        0,
        0,
        0,
        0
      ],
      "/Users/rcoster/Rails/everystreet/app/policies/age_policy.rb": [
        0,
        0,
        0,
        0,
        0,
        0,
        0,
        0,
        0,
        0,
        0,
        0,
        0,
        0,
        0,
        0,
        0,
        0,
        0,
        0
      ],
      "/Users/rcoster/Rails/everystreet/app/policies/agent_policy.rb": [
        0,
        0,
        0,
        0,
        0,
        0,
        0,
        0,
        0,
        0,
        0,
        0,
        0,
        0,
        0,
        0,
        0,
        0,
        0,
        0,
        0,
        0,
        0
      ],
      "/Users/rcoster/Rails/everystreet/app/policies/application_policy.rb": [
        0,
        0,
        0,
        0,
        0,
        0,
        0,
        0,
        0,
        0,
        0,
        0,
        0,
        0,
        0,
        0,
        0,
        0,
        0,
        0,
        0,
        0,
        0,
        0,
        0,
        0,
        0,
        0,
        0,
        0,
        0,
        0,
        0,
        0,
        0,
        0,
        0,
        0,
        0,
        0,
        0,
        0,
        0,
        0,
        0,
        0,
        0,
        0,
        0,
        0,
        0,
        0,
        0
      ],
      "/Users/rcoster/Rails/everystreet/app/policies/asset_policy.rb": [
        0,
        0,
        0,
        0,
        0,
        0,
        0,
        0,
        0,
        0,
        0,
        0,
        0,
        0,
        0,
        0,
        0,
        0,
        0,
        0,
        0,
        0,
        0,
        0,
        0,
        0,
        0,
        0,
        0,
        0,
        0
      ],
      "/Users/rcoster/Rails/everystreet/app/policies/availability_policy.rb": [
        0,
        0,
        0,
        0,
        0,
        0,
        0,
        0,
        0,
        0,
        0,
        0,
        0,
        0,
        0,
        0,
        0,
        0,
        0,
        0
      ],
      "/Users/rcoster/Rails/everystreet/app/policies/branch_policy.rb": [
        0,
        0,
        0,
        0,
        0,
        0,
        0,
        0,
        0,
        0,
        0,
        0,
        0,
        0,
        0,
        0,
        0,
        0,
        0,
        0,
        0,
        0,
        0,
        0,
        0,
        0,
        0,
        0,
        0,
        0,
        0,
        0,
        0,
        0,
        0,
        0,
        0,
        0
      ],
      "/Users/rcoster/Rails/everystreet/app/policies/department_policy.rb": [
        0,
        0,
        0,
        0,
        0,
        0,
        0,
        0,
        0,
        0,
        0,
        0,
        0,
        0,
        0,
        0,
        0,
        0,
        0,
        0
      ],
      "/Users/rcoster/Rails/everystreet/app/policies/frequency_policy.rb": [
        0,
        0,
        0,
        0,
        0,
        0,
        0,
        0,
        0,
        0,
        0,
        0,
        0,
        0,
        0,
        0,
        0,
        0,
        0,
        0
      ],
      "/Users/rcoster/Rails/everystreet/app/policies/listing_policy.rb": [
        0,
        0,
        0,
        0,
        0,
        0,
        0,
        0,
        0,
        0,
        0,
        0,
        0,
        0,
        0,
        0,
        0,
        0,
        0,
        0,
        0,
        0,
        0,
        0,
        0,
        0,
        0,
        0,
        0,
        0,
        0
      ],
      "/Users/rcoster/Rails/everystreet/app/policies/media_type_policy.rb": [
        0,
        0,
        0,
        0,
        0,
        0,
        0,
        0,
        0,
        0,
        0,
        0,
        0,
        0,
        0,
        0,
        0,
        0,
        0,
        0
      ],
      "/Users/rcoster/Rails/everystreet/app/policies/qualifier_policy.rb": [
        0,
        0,
        0,
        0,
        0,
        0,
        0,
        0,
        0,
        0,
        0,
        0,
        0,
        0,
        0,
        0,
        0,
        0,
        0,
        0
      ],
      "/Users/rcoster/Rails/everystreet/app/policies/sale_type_policy.rb": [
        0,
        0,
        0,
        0,
        0,
        0,
        0,
        0,
        0,
        0,
        0,
        0,
        0,
        0,
        0,
        0,
        0,
        0,
        0,
        0
      ],
      "/Users/rcoster/Rails/everystreet/app/policies/style_policy.rb": [
        0,
        0,
        0,
        0,
        0,
        0,
        0,
        0,
        0,
        0,
        0,
        0,
        0,
        0,
        0,
        0,
        0,
        0,
        0,
        0
      ],
      "/Users/rcoster/Rails/everystreet/app/policies/tenure_policy.rb": [
        0,
        0,
        0,
        0,
        0,
        0,
        0,
        0,
        0,
        0,
        0,
        0,
        0,
        0,
        0,
        0,
        0,
        0,
        0,
        0
      ],
      "/Users/rcoster/Rails/everystreet/app/policies/type_policy.rb": [
        0,
        0,
        0,
        0,
        0,
        0,
        0,
        0,
        0,
        0,
        0,
        0,
        0,
        0,
        0,
        0,
        0,
        0,
        0,
        0
      ],
      "/Users/rcoster/Rails/everystreet/app/serializers/age_serializer.rb": [
        0,
        0,
        0
      ],
      "/Users/rcoster/Rails/everystreet/app/serializers/agent_serializer.rb": [
        0,
        0,
        0,
        0,
        0
      ],
      "/Users/rcoster/Rails/everystreet/app/serializers/asset_serializer.rb": [
        0,
        0,
        0,
        0
      ],
      "/Users/rcoster/Rails/everystreet/app/serializers/availability_serializer.rb": [
        0,
        0,
        0
      ],
      "/Users/rcoster/Rails/everystreet/app/serializers/branch_serializer.rb": [
        0,
        0,
        0,
        0,
        0
      ],
      "/Users/rcoster/Rails/everystreet/app/serializers/department_serializer.rb": [
        0,
        0,
        0
      ],
      "/Users/rcoster/Rails/everystreet/app/serializers/frequency_serializer.rb": [
        0,
        0,
        0
      ],
      "/Users/rcoster/Rails/everystreet/app/serializers/listing_serializer.rb": [
        0,
        0,
        0,
        0,
        0,
        0,
        0,
        0
      ],
      "/Users/rcoster/Rails/everystreet/app/serializers/media_type_serializer.rb": [
        0,
        0,
        0
      ],
      "/Users/rcoster/Rails/everystreet/app/serializers/qualifier_serializer.rb": [
        0,
        0,
        0
      ],
      "/Users/rcoster/Rails/everystreet/app/serializers/sale_type_serializer.rb": [
        0,
        0,
        0
      ],
      "/Users/rcoster/Rails/everystreet/app/serializers/style_serializer.rb": [
        0,
        0,
        0
      ],
      "/Users/rcoster/Rails/everystreet/app/serializers/tenure_serializer.rb": [
        0,
        0,
        0
      ],
      "/Users/rcoster/Rails/everystreet/app/serializers/type_serializer.rb": [
        0,
        0,
        0
      ],
      "/Users/rcoster/Rails/everystreet/app/serializers/user_serializer.rb": [
        0,
        0,
        0,
        0
      ]
    },
    "timestamp": 1456742212
  }
}
